#
# A fatal error has been detected by the Java Runtime Environment:
#
#  Internal Error (vmThread.cpp:695), pid=28602, tid=17923
#  fatal error: Nested VM operation CollectForMetadataAllocation requested by operation ChangeBreakpoints
#
# JRE version: OpenJDK Runtime Environment (14.0.2+12) (build 14.0.2+12-46)
# Java VM: OpenJDK 64-Bit Server VM (14.0.2+12-46, mixed mode, tiered, compressed oops, g1 gc, bsd-amd64)
# No core dump will be written. Core dumps have been disabled. To enable core dumping, try "ulimit -c unlimited" before starting Java again
#
# If you would like to submit a bug report, please visit:
#   https://bugreport.java.com/bugreport/crash.jsp
#

---------------  S U M M A R Y ------------

Command Line: -XX:+ShowCodeDetailsInExceptionMessages -agentlib:jdwp=transport=dt_socket,suspend=y,address=localhost:54063 -ea -javaagent:/Applications/SpringToolSuite4.app/Contents/Eclipse/configuration/org.eclipse.osgi/255/0/.cp/lib/javaagent-shaded.jar -Dfile.encoding=UTF-8 org.eclipse.jdt.internal.junit.runner.RemoteTestRunner -version 3 -port 54061 -testLoaderClass org.eclipse.jdt.internal.junit5.runner.JUnit5TestLoader -loaderpluginname org.eclipse.jdt.junit5.runtime -test com.armut.test.UserControllerTest:signUpWithTheSameUserName -uniqueId [engine:junit-vintage]/[runner:com.armut.test.UserControllerTest]/[test:signUpWithTheSameUserName(com.armut.test.UserControllerTest)]

Host: MacBookPro13,3 x86_64 2700 MHz, 8 cores, 16G, Darwin 18.7.0
Time: Wed Oct  7 22:31:38 2020 +03 elapsed time: 3 seconds (0d 0h 0m 3s)

---------------  T H R E A D  ---------------

Current thread (0x00007f9358038800):  VMThread "VM Thread" [stack: 0x000070000ea25000,0x000070000eb25000] [id=17923]

Stack: [0x000070000ea25000,0x000070000eb25000],  sp=0x000070000eb240c0,  free space=1020k
Native frames: (J=compiled Java code, A=aot compiled Java code, j=interpreted, Vv=VM code, C=native code)
V  [libjvm.dylib+0x740960]  VMError::report_and_die(int, char const*, char const*, __va_list_tag*, Thread*, unsigned char*, void*, void*, char const*, int, unsigned long)+0x678
V  [libjvm.dylib+0x740f89]  VMError::report_and_die(Thread*, void*, char const*, int, char const*, char const*, __va_list_tag*)+0x47
V  [libjvm.dylib+0x212288]  report_fatal(char const*, int, char const*, ...)+0xb5
V  [libjvm.dylib+0x749ad0]  VMThread::execute(VM_Operation*)+0x98
V  [libjvm.dylib+0x1e9f5a]  CollectedHeap::satisfy_failed_metadata_allocation(ClassLoaderData*, unsigned long, Metaspace::MetadataType)+0x188
V  [libjvm.dylib+0x59ff2b]  Metaspace::allocate(ClassLoaderData*, unsigned long, MetaspaceObj::Type, Thread*)+0xe1
V  [libjvm.dylib+0x5aef9e]  MethodCounters::allocate(methodHandle const&, Thread*)+0x3a
V  [libjvm.dylib+0x5aa623]  Method::build_method_counters(Method*, Thread*)+0x51
V  [libjvm.dylib+0x5adc51]  Method::get_method_counters(Thread*)+0x21
V  [libjvm.dylib+0x5ad01b]  BreakpointInfo::set(Method*)+0x39
V  [libjvm.dylib+0x4b75cd]  JvmtiBreakpoint::each_method_version_do(void (Method::*)(int))+0x3f
V  [libjvm.dylib+0x4b78dd]  JvmtiBreakpoints::set_at_safepoint(JvmtiBreakpoint&)+0x81
V  [libjvm.dylib+0x7417bc]  VM_Operation::evaluate()+0xd4
V  [libjvm.dylib+0x749829]  VMThread::evaluate_operation(VM_Operation*)+0x12d
V  [libjvm.dylib+0x749259]  VMThread::loop()+0x101
V  [libjvm.dylib+0x74906f]  VMThread::run()+0x79
V  [libjvm.dylib+0x6eae17]  Thread::call_run()+0x71
V  [libjvm.dylib+0x5e98ce]  thread_native_entry(Thread*)+0x129
C  [libsystem_pthread.dylib+0x32eb]  _pthread_body+0x7e
C  [libsystem_pthread.dylib+0x6249]  _pthread_start+0x42
C  [libsystem_pthread.dylib+0x240d]  thread_start+0xd

VM_Operation (0x000070000f542980): ChangeBreakpoints, mode: safepoint, requested by thread 0x00007f9358082800


---------------  P R O C E S S  ---------------

Threads class SMR info:
_java_thread_list=0x00007f9359db4520, length=16, elements={
0x00007f9359002000, 0x00007f935900b000, 0x00007f935900c000, 0x00007f9359012800,
0x00007f9358039800, 0x00007f935a03d000, 0x00007f935a03e000, 0x00007f935a03f000,
0x00007f935a8cd000, 0x00007f9358082800, 0x00007f935b820800, 0x00007f935a0b0800,
0x00007f935a92f000, 0x00007f9358061800, 0x00007f935b006000, 0x00007f935a11d000
}

Java Threads: ( => current thread )
  0x00007f9359002000 JavaThread "main" [_thread_blocked, id=8195, stack(0x000070000e413000,0x000070000e513000)]
  0x00007f935900b000 JavaThread "Reference Handler" daemon [_thread_blocked, id=14851, stack(0x000070000eb28000,0x000070000ec28000)]
  0x00007f935900c000 JavaThread "Finalizer" daemon [_thread_blocked, id=16899, stack(0x000070000ec2b000,0x000070000ed2b000)]
  0x00007f9359012800 JavaThread "Signal Dispatcher" daemon [_thread_blocked, id=22019, stack(0x000070000ed2e000,0x000070000ee2e000)]
  0x00007f9358039800 JavaThread "Service Thread" daemon [_thread_blocked, id=42243, stack(0x000070000ee31000,0x000070000ef31000)]
  0x00007f935a03d000 JavaThread "C2 CompilerThread0" daemon [_thread_in_native, id=41475, stack(0x000070000ef34000,0x000070000f034000)]
  0x00007f935a03e000 JavaThread "C1 CompilerThread0" daemon [_thread_blocked, id=40707, stack(0x000070000f037000,0x000070000f137000)]
  0x00007f935a03f000 JavaThread "Sweeper thread" daemon [_thread_blocked, id=22787, stack(0x000070000f13a000,0x000070000f23a000)]
  0x00007f935a8cd000 JavaThread "Common-Cleaner" daemon [_thread_blocked, id=23555, stack(0x000070000f23d000,0x000070000f33d000)]
  0x00007f9358082800 JavaThread "JDWP Transport Listener: dt_socket" daemon [_thread_blocked, id=39427, stack(0x000070000f443000,0x000070000f543000)]
  0x00007f935b820800 JavaThread "JDWP Event Helper Thread" daemon [_thread_blocked, id=24323, stack(0x000070000f546000,0x000070000f646000)]
  0x00007f935a0b0800 JavaThread "JDWP Command Reader" daemon [_thread_in_native, id=38403, stack(0x000070000f649000,0x000070000f749000)]
  0x00007f935a92f000 JavaThread "C2 CompilerThread1" daemon [_thread_in_native, id=39943, stack(0x000070000f340000,0x000070000f440000)]
  0x00007f9358061800 JavaThread "Notification Thread" daemon [_thread_blocked, id=38147, stack(0x000070000f74c000,0x000070000f84c000)]
  0x00007f935b006000 JavaThread "ReaderThread" [_thread_in_native, id=37891, stack(0x000070000f952000,0x000070000fa52000)]
  0x00007f935a11d000 JavaThread "C2 CompilerThread2" daemon [_thread_in_native, id=36611, stack(0x000070000ff64000,0x0000700010064000)]

Other Threads:
=>0x00007f9358038800 VMThread "VM Thread" [stack: 0x000070000ea25000,0x000070000eb25000] [id=17923]
  0x00007f935803c000 WatcherThread [stack: 0x000070000f84f000,0x000070000f94f000] [id=25347]
  0x00007f935a028800 GCTaskThread "GC Thread#0" [stack: 0x000070000e516000,0x000070000e616000] [id=13315]
  0x00007f93581a0000 GCTaskThread "GC Thread#1" [stack: 0x000070000fa55000,0x000070000fb55000] [id=37379]
  0x00007f93581cc000 GCTaskThread "GC Thread#2" [stack: 0x000070000fb58000,0x000070000fc58000] [id=26371]
  0x00007f93581cd000 GCTaskThread "GC Thread#3" [stack: 0x000070000fc5b000,0x000070000fd5b000] [id=26883]
  0x00007f93581cd800 GCTaskThread "GC Thread#4" [stack: 0x000070000fd5e000,0x000070000fe5e000] [id=27139]
  0x00007f93581ce800 GCTaskThread "GC Thread#5" [stack: 0x000070000fe61000,0x000070000ff61000] [id=36867]
  0x00007f935a039800 ConcurrentGCThread "G1 Main Marker" [stack: 0x000070000e619000,0x000070000e719000] [id=19715]
  0x00007f935a03a800 ConcurrentGCThread "G1 Conc#0" [stack: 0x000070000e71c000,0x000070000e81c000] [id=18947]
  0x00007f935ba30000 ConcurrentGCThread "G1 Conc#1" [stack: 0x0000700010067000,0x0000700010167000] [id=36099]
  0x00007f935a8a0000 ConcurrentGCThread "G1 Refine#0" [stack: 0x000070000e81f000,0x000070000e91f000] [id=14083]
  0x00007f935a8a1000 ConcurrentGCThread "G1 Young RemSet Sampling" [stack: 0x000070000e922000,0x000070000ea22000] [id=14339]

Threads with active compile tasks:
C2 CompilerThread0     3778 3227       4       org.springframework.beans.factory.support.AbstractBeanFactory::isTypeMatch (614 bytes)
C2 CompilerThread1     3778 3281       4       org.eclipse.jdt.launching.internal.org.objectweb.asm.ClassReader::readField (667 bytes)
C2 CompilerThread2     3778 3280       4       org.eclipse.jdt.launching.internal.org.objectweb.asm.MethodWriter::putMethodInfo (1274 bytes)

VM state:at safepoint (normal execution)

VM Mutex/Monitor currently owned by a thread:  ([mutex/lock_event])
[0x00007f9357c151f0] Threads_lock - owner thread: 0x00007f9358038800

Heap address: 0x0000000700000000, size: 4096 MB, Compressed Oops mode: Zero based, Oop shift amount: 3
Narrow klass base: 0x0000000800000000, Narrow klass shift: 0
Compressed class space size: 1073741824 Address: 0x0000000800000000

Heap:
 garbage-first heap   total 151552K, used 45584K [0x0000000700000000, 0x0000000800000000)
  region size 1024K, 38 young (38912K), 5 survivors (5120K)
 Metaspace       used 34822K, capacity 35758K, committed 35920K, reserved 1081344K
  class space    used 3993K, capacity 4347K, committed 4352K, reserved 1048576K
Heap Regions: E=young(eden), S=young(survivor), O=old, HS=humongous(starts), HC=humongous(continues), CS=collection set, F=free, OA=open archive, CA=closed archive, TAMS=top-at-mark-start (previous, next)
|   0|0x0000000700000000, 0x0000000700100000, 0x0000000700100000|100%|HS|  |TAMS 0x0000000700100000, 0x0000000700000000| Complete 
|   1|0x0000000700100000, 0x0000000700200000, 0x0000000700200000|100%| O|  |TAMS 0x0000000700200000, 0x0000000700100000| Untracked 
|   2|0x0000000700200000, 0x0000000700300000, 0x0000000700300000|100%| O|  |TAMS 0x0000000700300000, 0x0000000700200000| Untracked 
|   3|0x0000000700300000, 0x0000000700400000, 0x0000000700400000|100%| O|  |TAMS 0x0000000700400000, 0x0000000700300000| Untracked 
|   4|0x0000000700400000, 0x0000000700500000, 0x0000000700500000|100%| O|  |TAMS 0x0000000700500000, 0x0000000700400000| Untracked 
|   5|0x0000000700500000, 0x0000000700600000, 0x0000000700600000|100%| O|  |TAMS 0x0000000700600000, 0x0000000700500000| Untracked 
|   6|0x0000000700600000, 0x00000007006b5a00, 0x0000000700700000| 70%| O|  |TAMS 0x00000007006b5a00, 0x0000000700600000| Untracked 
|   7|0x0000000700700000, 0x0000000700800000, 0x0000000700800000|100%| O|  |TAMS 0x0000000700700000, 0x0000000700700000| Untracked 
|   8|0x0000000700800000, 0x0000000700824800, 0x0000000700900000| 14%| O|  |TAMS 0x0000000700800000, 0x0000000700800000| Untracked 
|   9|0x0000000700900000, 0x0000000700900000, 0x0000000700a00000|  0%| F|  |TAMS 0x0000000700900000, 0x0000000700900000| Untracked 
|  10|0x0000000700a00000, 0x0000000700a00000, 0x0000000700b00000|  0%| F|  |TAMS 0x0000000700a00000, 0x0000000700a00000| Untracked 
|  11|0x0000000700b00000, 0x0000000700b00000, 0x0000000700c00000|  0%| F|  |TAMS 0x0000000700b00000, 0x0000000700b00000| Untracked 
|  12|0x0000000700c00000, 0x0000000700c00000, 0x0000000700d00000|  0%| F|  |TAMS 0x0000000700c00000, 0x0000000700c00000| Untracked 
|  13|0x0000000700d00000, 0x0000000700d00000, 0x0000000700e00000|  0%| F|  |TAMS 0x0000000700d00000, 0x0000000700d00000| Untracked 
|  14|0x0000000700e00000, 0x0000000700e00000, 0x0000000700f00000|  0%| F|  |TAMS 0x0000000700e00000, 0x0000000700e00000| Untracked 
|  15|0x0000000700f00000, 0x0000000700f00000, 0x0000000701000000|  0%| F|  |TAMS 0x0000000700f00000, 0x0000000700f00000| Untracked 
|  16|0x0000000701000000, 0x0000000701000000, 0x0000000701100000|  0%| F|  |TAMS 0x0000000701000000, 0x0000000701000000| Untracked 
|  17|0x0000000701100000, 0x0000000701100000, 0x0000000701200000|  0%| F|  |TAMS 0x0000000701100000, 0x0000000701100000| Untracked 
|  18|0x0000000701200000, 0x0000000701200000, 0x0000000701300000|  0%| F|  |TAMS 0x0000000701200000, 0x0000000701200000| Untracked 
|  19|0x0000000701300000, 0x0000000701300000, 0x0000000701400000|  0%| F|  |TAMS 0x0000000701300000, 0x0000000701300000| Untracked 
|  20|0x0000000701400000, 0x0000000701400000, 0x0000000701500000|  0%| F|  |TAMS 0x0000000701400000, 0x0000000701400000| Untracked 
|  21|0x0000000701500000, 0x0000000701500000, 0x0000000701600000|  0%| F|  |TAMS 0x0000000701500000, 0x0000000701500000| Untracked 
|  22|0x0000000701600000, 0x0000000701600000, 0x0000000701700000|  0%| F|  |TAMS 0x0000000701600000, 0x0000000701600000| Untracked 
|  23|0x0000000701700000, 0x0000000701700000, 0x0000000701800000|  0%| F|  |TAMS 0x0000000701700000, 0x0000000701700000| Untracked 
|  24|0x0000000701800000, 0x0000000701800000, 0x0000000701900000|  0%| F|  |TAMS 0x0000000701800000, 0x0000000701800000| Untracked 
|  25|0x0000000701900000, 0x0000000701900000, 0x0000000701a00000|  0%| F|  |TAMS 0x0000000701900000, 0x0000000701900000| Untracked 
|  26|0x0000000701a00000, 0x0000000701a00000, 0x0000000701b00000|  0%| F|  |TAMS 0x0000000701a00000, 0x0000000701a00000| Untracked 
|  27|0x0000000701b00000, 0x0000000701b00000, 0x0000000701c00000|  0%| F|  |TAMS 0x0000000701b00000, 0x0000000701b00000| Untracked 
|  28|0x0000000701c00000, 0x0000000701c00000, 0x0000000701d00000|  0%| F|  |TAMS 0x0000000701c00000, 0x0000000701c00000| Untracked 
|  29|0x0000000701d00000, 0x0000000701d00000, 0x0000000701e00000|  0%| F|  |TAMS 0x0000000701d00000, 0x0000000701d00000| Untracked 
|  30|0x0000000701e00000, 0x0000000701e00000, 0x0000000701f00000|  0%| F|  |TAMS 0x0000000701e00000, 0x0000000701e00000| Untracked 
|  31|0x0000000701f00000, 0x0000000701f00000, 0x0000000702000000|  0%| F|  |TAMS 0x0000000701f00000, 0x0000000701f00000| Untracked 
|  32|0x0000000702000000, 0x0000000702000000, 0x0000000702100000|  0%| F|  |TAMS 0x0000000702000000, 0x0000000702000000| Untracked 
|  33|0x0000000702100000, 0x0000000702100000, 0x0000000702200000|  0%| F|  |TAMS 0x0000000702100000, 0x0000000702100000| Untracked 
|  34|0x0000000702200000, 0x0000000702200000, 0x0000000702300000|  0%| F|  |TAMS 0x0000000702200000, 0x0000000702200000| Untracked 
|  35|0x0000000702300000, 0x0000000702300000, 0x0000000702400000|  0%| F|  |TAMS 0x0000000702300000, 0x0000000702300000| Untracked 
|  36|0x0000000702400000, 0x0000000702400000, 0x0000000702500000|  0%| F|  |TAMS 0x0000000702400000, 0x0000000702400000| Untracked 
|  37|0x0000000702500000, 0x0000000702500000, 0x0000000702600000|  0%| F|  |TAMS 0x0000000702500000, 0x0000000702500000| Untracked 
|  38|0x0000000702600000, 0x0000000702600000, 0x0000000702700000|  0%| F|  |TAMS 0x0000000702600000, 0x0000000702600000| Untracked 
|  39|0x0000000702700000, 0x0000000702700000, 0x0000000702800000|  0%| F|  |TAMS 0x0000000702700000, 0x0000000702700000| Untracked 
|  40|0x0000000702800000, 0x0000000702800000, 0x0000000702900000|  0%| F|  |TAMS 0x0000000702800000, 0x0000000702800000| Untracked 
|  41|0x0000000702900000, 0x0000000702900000, 0x0000000702a00000|  0%| F|  |TAMS 0x0000000702900000, 0x0000000702900000| Untracked 
|  42|0x0000000702a00000, 0x0000000702a00000, 0x0000000702b00000|  0%| F|  |TAMS 0x0000000702a00000, 0x0000000702a00000| Untracked 
|  43|0x0000000702b00000, 0x0000000702b00000, 0x0000000702c00000|  0%| F|  |TAMS 0x0000000702b00000, 0x0000000702b00000| Untracked 
|  44|0x0000000702c00000, 0x0000000702c00000, 0x0000000702d00000|  0%| F|  |TAMS 0x0000000702c00000, 0x0000000702c00000| Untracked 
|  45|0x0000000702d00000, 0x0000000702d00000, 0x0000000702e00000|  0%| F|  |TAMS 0x0000000702d00000, 0x0000000702d00000| Untracked 
|  46|0x0000000702e00000, 0x0000000702e00000, 0x0000000702f00000|  0%| F|  |TAMS 0x0000000702e00000, 0x0000000702e00000| Untracked 
|  47|0x0000000702f00000, 0x0000000702f00000, 0x0000000703000000|  0%| F|  |TAMS 0x0000000702f00000, 0x0000000702f00000| Untracked 
|  48|0x0000000703000000, 0x0000000703000000, 0x0000000703100000|  0%| F|  |TAMS 0x0000000703000000, 0x0000000703000000| Untracked 
|  49|0x0000000703100000, 0x0000000703100000, 0x0000000703200000|  0%| F|  |TAMS 0x0000000703100000, 0x0000000703100000| Untracked 
|  50|0x0000000703200000, 0x0000000703200000, 0x0000000703300000|  0%| F|  |TAMS 0x0000000703200000, 0x0000000703200000| Untracked 
|  51|0x0000000703300000, 0x0000000703300000, 0x0000000703400000|  0%| F|  |TAMS 0x0000000703300000, 0x0000000703300000| Untracked 
|  52|0x0000000703400000, 0x0000000703400000, 0x0000000703500000|  0%| F|  |TAMS 0x0000000703400000, 0x0000000703400000| Untracked 
|  53|0x0000000703500000, 0x0000000703500000, 0x0000000703600000|  0%| F|  |TAMS 0x0000000703500000, 0x0000000703500000| Untracked 
|  54|0x0000000703600000, 0x0000000703600000, 0x0000000703700000|  0%| F|  |TAMS 0x0000000703600000, 0x0000000703600000| Untracked 
|  55|0x0000000703700000, 0x00000007037a9e30, 0x0000000703800000| 66%| S|CS|TAMS 0x0000000703700000, 0x0000000703700000| Complete 
|  56|0x0000000703800000, 0x0000000703900000, 0x0000000703900000|100%| S|CS|TAMS 0x0000000703800000, 0x0000000703800000| Complete 
|  57|0x0000000703900000, 0x0000000703a00000, 0x0000000703a00000|100%| S|CS|TAMS 0x0000000703900000, 0x0000000703900000| Complete 
|  58|0x0000000703a00000, 0x0000000703a00000, 0x0000000703b00000|  0%| F|  |TAMS 0x0000000703a00000, 0x0000000703a00000| Untracked 
|  59|0x0000000703b00000, 0x0000000703b00000, 0x0000000703c00000|  0%| F|  |TAMS 0x0000000703b00000, 0x0000000703b00000| Untracked 
|  60|0x0000000703c00000, 0x0000000703c00000, 0x0000000703d00000|  0%| F|  |TAMS 0x0000000703c00000, 0x0000000703c00000| Untracked 
|  61|0x0000000703d00000, 0x0000000703d00000, 0x0000000703e00000|  0%| F|  |TAMS 0x0000000703d00000, 0x0000000703d00000| Untracked 
|  62|0x0000000703e00000, 0x0000000703f00000, 0x0000000703f00000|100%| S|CS|TAMS 0x0000000703e00000, 0x0000000703e00000| Complete 
|  63|0x0000000703f00000, 0x0000000704000000, 0x0000000704000000|100%| S|CS|TAMS 0x0000000703f00000, 0x0000000703f00000| Complete 
|  64|0x0000000704000000, 0x0000000704000000, 0x0000000704100000|  0%| F|  |TAMS 0x0000000704000000, 0x0000000704000000| Untracked 
|  65|0x0000000704100000, 0x0000000704100000, 0x0000000704200000|  0%| F|  |TAMS 0x0000000704100000, 0x0000000704100000| Untracked 
|  66|0x0000000704200000, 0x0000000704200000, 0x0000000704300000|  0%| F|  |TAMS 0x0000000704200000, 0x0000000704200000| Untracked 
|  67|0x0000000704300000, 0x0000000704300000, 0x0000000704400000|  0%| F|  |TAMS 0x0000000704300000, 0x0000000704300000| Untracked 
|  68|0x0000000704400000, 0x0000000704400000, 0x0000000704500000|  0%| F|  |TAMS 0x0000000704400000, 0x0000000704400000| Untracked 
|  69|0x0000000704500000, 0x0000000704500000, 0x0000000704600000|  0%| F|  |TAMS 0x0000000704500000, 0x0000000704500000| Untracked 
|  70|0x0000000704600000, 0x0000000704600000, 0x0000000704700000|  0%| F|  |TAMS 0x0000000704600000, 0x0000000704600000| Untracked 
|  71|0x0000000704700000, 0x0000000704700000, 0x0000000704800000|  0%| F|  |TAMS 0x0000000704700000, 0x0000000704700000| Untracked 
|  72|0x0000000704800000, 0x0000000704800000, 0x0000000704900000|  0%| F|  |TAMS 0x0000000704800000, 0x0000000704800000| Untracked 
|  73|0x0000000704900000, 0x0000000704900000, 0x0000000704a00000|  0%| F|  |TAMS 0x0000000704900000, 0x0000000704900000| Untracked 
|  74|0x0000000704a00000, 0x0000000704a00000, 0x0000000704b00000|  0%| F|  |TAMS 0x0000000704a00000, 0x0000000704a00000| Untracked 
|  75|0x0000000704b00000, 0x0000000704b00000, 0x0000000704c00000|  0%| F|  |TAMS 0x0000000704b00000, 0x0000000704b00000| Untracked 
|  76|0x0000000704c00000, 0x0000000704c00000, 0x0000000704d00000|  0%| F|  |TAMS 0x0000000704c00000, 0x0000000704c00000| Untracked 
|  77|0x0000000704d00000, 0x0000000704d00000, 0x0000000704e00000|  0%| F|  |TAMS 0x0000000704d00000, 0x0000000704d00000| Untracked 
|  78|0x0000000704e00000, 0x0000000704e00000, 0x0000000704f00000|  0%| F|  |TAMS 0x0000000704e00000, 0x0000000704e00000| Untracked 
|  79|0x0000000704f00000, 0x0000000704f00000, 0x0000000705000000|  0%| F|  |TAMS 0x0000000704f00000, 0x0000000704f00000| Untracked 
|  80|0x0000000705000000, 0x0000000705000000, 0x0000000705100000|  0%| F|  |TAMS 0x0000000705000000, 0x0000000705000000| Untracked 
|  81|0x0000000705100000, 0x0000000705100000, 0x0000000705200000|  0%| F|  |TAMS 0x0000000705100000, 0x0000000705100000| Untracked 
|  82|0x0000000705200000, 0x0000000705200000, 0x0000000705300000|  0%| F|  |TAMS 0x0000000705200000, 0x0000000705200000| Untracked 
|  83|0x0000000705300000, 0x0000000705300000, 0x0000000705400000|  0%| F|  |TAMS 0x0000000705300000, 0x0000000705300000| Untracked 
|  84|0x0000000705400000, 0x0000000705400000, 0x0000000705500000|  0%| F|  |TAMS 0x0000000705400000, 0x0000000705400000| Untracked 
|  85|0x0000000705500000, 0x0000000705500000, 0x0000000705600000|  0%| F|  |TAMS 0x0000000705500000, 0x0000000705500000| Untracked 
|  86|0x0000000705600000, 0x0000000705600000, 0x0000000705700000|  0%| F|  |TAMS 0x0000000705600000, 0x0000000705600000| Untracked 
|  87|0x0000000705700000, 0x0000000705700000, 0x0000000705800000|  0%| F|  |TAMS 0x0000000705700000, 0x0000000705700000| Untracked 
|  88|0x0000000705800000, 0x0000000705800000, 0x0000000705900000|  0%| F|  |TAMS 0x0000000705800000, 0x0000000705800000| Untracked 
|  89|0x0000000705900000, 0x0000000705900000, 0x0000000705a00000|  0%| F|  |TAMS 0x0000000705900000, 0x0000000705900000| Untracked 
|  90|0x0000000705a00000, 0x0000000705a00000, 0x0000000705b00000|  0%| F|  |TAMS 0x0000000705a00000, 0x0000000705a00000| Untracked 
|  91|0x0000000705b00000, 0x0000000705b00000, 0x0000000705c00000|  0%| F|  |TAMS 0x0000000705b00000, 0x0000000705b00000| Untracked 
|  92|0x0000000705c00000, 0x0000000705c00000, 0x0000000705d00000|  0%| F|  |TAMS 0x0000000705c00000, 0x0000000705c00000| Untracked 
|  93|0x0000000705d00000, 0x0000000705d00000, 0x0000000705e00000|  0%| F|  |TAMS 0x0000000705d00000, 0x0000000705d00000| Untracked 
|  94|0x0000000705e00000, 0x0000000705e00000, 0x0000000705f00000|  0%| F|  |TAMS 0x0000000705e00000, 0x0000000705e00000| Untracked 
|  95|0x0000000705f00000, 0x0000000705f00000, 0x0000000706000000|  0%| F|  |TAMS 0x0000000705f00000, 0x0000000705f00000| Untracked 
|  96|0x0000000706000000, 0x0000000706000000, 0x0000000706100000|  0%| F|  |TAMS 0x0000000706000000, 0x0000000706000000| Untracked 
|  97|0x0000000706100000, 0x0000000706100000, 0x0000000706200000|  0%| F|  |TAMS 0x0000000706100000, 0x0000000706100000| Untracked 
|  98|0x0000000706200000, 0x0000000706200000, 0x0000000706300000|  0%| F|  |TAMS 0x0000000706200000, 0x0000000706200000| Untracked 
|  99|0x0000000706300000, 0x0000000706300000, 0x0000000706400000|  0%| F|  |TAMS 0x0000000706300000, 0x0000000706300000| Untracked 
| 100|0x0000000706400000, 0x0000000706400000, 0x0000000706500000|  0%| F|  |TAMS 0x0000000706400000, 0x0000000706400000| Untracked 
| 101|0x0000000706500000, 0x0000000706500000, 0x0000000706600000|  0%| F|  |TAMS 0x0000000706500000, 0x0000000706500000| Untracked 
| 102|0x0000000706600000, 0x0000000706600000, 0x0000000706700000|  0%| F|  |TAMS 0x0000000706600000, 0x0000000706600000| Untracked 
| 103|0x0000000706700000, 0x0000000706700000, 0x0000000706800000|  0%| F|  |TAMS 0x0000000706700000, 0x0000000706700000| Untracked 
| 104|0x0000000706800000, 0x0000000706800000, 0x0000000706900000|  0%| F|  |TAMS 0x0000000706800000, 0x0000000706800000| Untracked 
| 105|0x0000000706900000, 0x0000000706900000, 0x0000000706a00000|  0%| F|  |TAMS 0x0000000706900000, 0x0000000706900000| Untracked 
| 106|0x0000000706a00000, 0x0000000706a00000, 0x0000000706b00000|  0%| F|  |TAMS 0x0000000706a00000, 0x0000000706a00000| Untracked 
| 107|0x0000000706b00000, 0x0000000706b00000, 0x0000000706c00000|  0%| F|  |TAMS 0x0000000706b00000, 0x0000000706b00000| Untracked 
| 108|0x0000000706c00000, 0x0000000706c00000, 0x0000000706d00000|  0%| F|  |TAMS 0x0000000706c00000, 0x0000000706c00000| Untracked 
| 109|0x0000000706d00000, 0x0000000706d00000, 0x0000000706e00000|  0%| F|  |TAMS 0x0000000706d00000, 0x0000000706d00000| Untracked 
| 110|0x0000000706e00000, 0x0000000706e00000, 0x0000000706f00000|  0%| F|  |TAMS 0x0000000706e00000, 0x0000000706e00000| Untracked 
| 111|0x0000000706f00000, 0x0000000706f00000, 0x0000000707000000|  0%| F|  |TAMS 0x0000000706f00000, 0x0000000706f00000| Untracked 
| 112|0x0000000707000000, 0x0000000707000000, 0x0000000707100000|  0%| F|  |TAMS 0x0000000707000000, 0x0000000707000000| Untracked 
| 113|0x0000000707100000, 0x0000000707100000, 0x0000000707200000|  0%| F|  |TAMS 0x0000000707100000, 0x0000000707100000| Untracked 
| 114|0x0000000707200000, 0x0000000707200000, 0x0000000707300000|  0%| F|  |TAMS 0x0000000707200000, 0x0000000707200000| Untracked 
| 115|0x0000000707300000, 0x0000000707400000, 0x0000000707400000|100%| E|  |TAMS 0x0000000707300000, 0x0000000707300000| Complete 
| 116|0x0000000707400000, 0x0000000707500000, 0x0000000707500000|100%| E|CS|TAMS 0x0000000707400000, 0x0000000707400000| Complete 
| 117|0x0000000707500000, 0x0000000707600000, 0x0000000707600000|100%| E|CS|TAMS 0x0000000707500000, 0x0000000707500000| Complete 
| 118|0x0000000707600000, 0x0000000707700000, 0x0000000707700000|100%| E|CS|TAMS 0x0000000707600000, 0x0000000707600000| Complete 
| 119|0x0000000707700000, 0x0000000707800000, 0x0000000707800000|100%| E|CS|TAMS 0x0000000707700000, 0x0000000707700000| Complete 
| 120|0x0000000707800000, 0x0000000707900000, 0x0000000707900000|100%| E|CS|TAMS 0x0000000707800000, 0x0000000707800000| Complete 
| 121|0x0000000707900000, 0x0000000707a00000, 0x0000000707a00000|100%| E|CS|TAMS 0x0000000707900000, 0x0000000707900000| Complete 
| 122|0x0000000707a00000, 0x0000000707b00000, 0x0000000707b00000|100%| E|CS|TAMS 0x0000000707a00000, 0x0000000707a00000| Complete 
| 123|0x0000000707b00000, 0x0000000707c00000, 0x0000000707c00000|100%| E|CS|TAMS 0x0000000707b00000, 0x0000000707b00000| Complete 
| 124|0x0000000707c00000, 0x0000000707d00000, 0x0000000707d00000|100%| E|CS|TAMS 0x0000000707c00000, 0x0000000707c00000| Complete 
| 125|0x0000000707d00000, 0x0000000707e00000, 0x0000000707e00000|100%| E|CS|TAMS 0x0000000707d00000, 0x0000000707d00000| Complete 
| 126|0x0000000707e00000, 0x0000000707f00000, 0x0000000707f00000|100%| E|CS|TAMS 0x0000000707e00000, 0x0000000707e00000| Complete 
| 127|0x0000000707f00000, 0x0000000708000000, 0x0000000708000000|100%| E|CS|TAMS 0x0000000707f00000, 0x0000000707f00000| Complete 
| 128|0x0000000708000000, 0x0000000708100000, 0x0000000708100000|100%| E|CS|TAMS 0x0000000708000000, 0x0000000708000000| Complete 
| 129|0x0000000708100000, 0x0000000708200000, 0x0000000708200000|100%| E|CS|TAMS 0x0000000708100000, 0x0000000708100000| Complete 
| 130|0x0000000708200000, 0x0000000708300000, 0x0000000708300000|100%| E|CS|TAMS 0x0000000708200000, 0x0000000708200000| Complete 
| 131|0x0000000708300000, 0x0000000708400000, 0x0000000708400000|100%| E|CS|TAMS 0x0000000708300000, 0x0000000708300000| Complete 
| 132|0x0000000708400000, 0x0000000708500000, 0x0000000708500000|100%| E|CS|TAMS 0x0000000708400000, 0x0000000708400000| Complete 
| 133|0x0000000708500000, 0x0000000708600000, 0x0000000708600000|100%| E|CS|TAMS 0x0000000708500000, 0x0000000708500000| Complete 
| 134|0x0000000708600000, 0x0000000708700000, 0x0000000708700000|100%| E|CS|TAMS 0x0000000708600000, 0x0000000708600000| Complete 
| 135|0x0000000708700000, 0x0000000708800000, 0x0000000708800000|100%| E|CS|TAMS 0x0000000708700000, 0x0000000708700000| Complete 
| 136|0x0000000708800000, 0x0000000708900000, 0x0000000708900000|100%| E|CS|TAMS 0x0000000708800000, 0x0000000708800000| Complete 
| 137|0x0000000708900000, 0x0000000708a00000, 0x0000000708a00000|100%| E|CS|TAMS 0x0000000708900000, 0x0000000708900000| Complete 
| 138|0x0000000708a00000, 0x0000000708b00000, 0x0000000708b00000|100%| E|CS|TAMS 0x0000000708a00000, 0x0000000708a00000| Complete 
| 139|0x0000000708b00000, 0x0000000708c00000, 0x0000000708c00000|100%| E|CS|TAMS 0x0000000708b00000, 0x0000000708b00000| Complete 
| 140|0x0000000708c00000, 0x0000000708d00000, 0x0000000708d00000|100%| E|CS|TAMS 0x0000000708c00000, 0x0000000708c00000| Complete 
| 141|0x0000000708d00000, 0x0000000708e00000, 0x0000000708e00000|100%| E|CS|TAMS 0x0000000708d00000, 0x0000000708d00000| Complete 
| 142|0x0000000708e00000, 0x0000000708f00000, 0x0000000708f00000|100%| E|CS|TAMS 0x0000000708e00000, 0x0000000708e00000| Complete 
| 143|0x0000000708f00000, 0x0000000709000000, 0x0000000709000000|100%| E|CS|TAMS 0x0000000708f00000, 0x0000000708f00000| Complete 
| 189|0x000000070bd00000, 0x000000070be00000, 0x000000070be00000|100%| E|CS|TAMS 0x000000070bd00000, 0x000000070bd00000| Complete 
| 190|0x000000070be00000, 0x000000070bf00000, 0x000000070bf00000|100%| E|CS|TAMS 0x000000070be00000, 0x000000070be00000| Complete 
| 191|0x000000070bf00000, 0x000000070c000000, 0x000000070c000000|100%| E|CS|TAMS 0x000000070bf00000, 0x000000070bf00000| Complete 
| 255|0x000000070ff00000, 0x0000000710000000, 0x0000000710000000|100%| E|CS|TAMS 0x000000070ff00000, 0x000000070ff00000| Complete 

Card table byte_map: [0x0000000116dab000,0x00000001175ab000] _byte_map_base: 0x00000001135ab000

Marking Bits (Prev, Next): (CMBitMap*) 0x00007f935a029058, (CMBitMap*) 0x00007f935a029018
 Prev Bits: [0x000000012b684000, 0x000000012f684000)
 Next Bits: [0x0000000127684000, 0x000000012b684000)

Polling page: 0x0000000110046000

Metaspace:

Usage:
  Non-class:     30.67 MB capacity,    30.11 MB ( 98%) used,   470.20 KB (  1%) free+waste,   111.44 KB ( <1%) overhead. 
      Class:      4.25 MB capacity,     3.90 MB ( 92%) used,   302.38 KB (  7%) free+waste,    51.31 KB (  1%) overhead. 
       Both:     34.92 MB capacity,    34.01 MB ( 97%) used,   772.57 KB (  2%) free+waste,   162.75 KB ( <1%) overhead. 

Virtual space:
  Non-class space:       32.00 MB reserved,      30.83 MB ( 96%) committed 
      Class space:        1.00 GB reserved,       4.25 MB ( <1%) committed 
             Both:        1.03 GB reserved,      35.08 MB (  3%) committed 

Chunk freelists:
   Non-Class:  113.00 KB
       Class:  5.00 KB
        Both:  118.00 KB

MaxMetaspaceSize: unlimited
CompressedClassSpaceSize: 1.00 GB

CodeHeap 'non-profiled nmethods': size=120028Kb used=1910Kb max_used=1910Kb free=118118Kb
 bounds [0x000000012014d000, 0x00000001203bd000, 0x0000000127684000]
CodeHeap 'profiled nmethods': size=120028Kb used=7436Kb max_used=7436Kb free=112592Kb
 bounds [0x0000000118c16000, 0x0000000119366000, 0x000000012014d000]
CodeHeap 'non-nmethods': size=5704Kb used=1284Kb max_used=1391Kb free=4419Kb
 bounds [0x0000000118684000, 0x00000001188f4000, 0x0000000118c16000]
 total_blobs=3801 nmethods=3322 adapters=392
 compilation: enabled
              stopped_count=0, restarted_count=0
 full_count=0

Compilation events (20 events):
Event: 3.743 Thread 0x00007f935a03e000 3343       3       org.springframework.context.support.PropertySourcesPlaceholderConfigurer$$Lambda$592/0x0000000800407440::resolveStringValue (13 bytes)
Event: 3.743 Thread 0x00007f935a03e000 nmethod 3343 0x000000011934d810 code [0x000000011934d9a0, 0x000000011934db00]
Event: 3.743 Thread 0x00007f935a03e000 3342       3       org.springframework.beans.factory.config.BeanDefinitionVisitor::resolveStringValue (42 bytes)
Event: 3.743 Thread 0x00007f935a03e000 nmethod 3342 0x000000011934dc10 code [0x000000011934dde0, 0x000000011934e180]
Event: 3.743 Thread 0x00007f935a03e000 3337       1       org.springframework.beans.PropertyValue::getValue (5 bytes)
Event: 3.743 Thread 0x00007f935a03e000 nmethod 3337 0x000000012032a210 code [0x000000012032a3a0, 0x000000012032a450]
Event: 3.744 Thread 0x00007f935a03e000 3344       3       java.util.HashMap::putAll (7 bytes)
Event: 3.744 Thread 0x00007f935a03e000 nmethod 3344 0x000000011934e310 code [0x000000011934e4a0, 0x000000011934e5e0]
Event: 3.744 Thread 0x00007f935a03e000 3345       1       java.lang.reflect.Field::getDeclaringClass (5 bytes)
Event: 3.744 Thread 0x00007f935a03e000 nmethod 3345 0x000000012032a510 code [0x000000012032a6a0, 0x000000012032a750]
Event: 3.745 Thread 0x00007f935a03e000 3346       3       java.lang.reflect.ProxyGenerator$ProxyMethod::generateMethod (526 bytes)
Event: 3.748 Thread 0x00007f935a03e000 nmethod 3346 0x000000011934e690 code [0x000000011934ec20, 0x0000000119351d70]
Event: 3.748 Thread 0x00007f935a03e000 3350       3       java.lang.reflect.ProxyGenerator$ProxyMethod::codeFieldInitialization (165 bytes)
Event: 3.750 Thread 0x00007f935a03e000 nmethod 3350 0x0000000119352e10 code [0x0000000119353140, 0x0000000119354480]
Event: 3.750 Thread 0x00007f935a03e000 3347       3       java.lang.reflect.ProxyGenerator::computeUniqueCatchList (163 bytes)
Event: 3.754 Thread 0x00007f935a03e000 nmethod 3347 0x0000000119354b10 code [0x0000000119354ea0, 0x0000000119356b20]
Event: 3.754 Thread 0x00007f935a03e000 3348       3       java.lang.reflect.ProxyGenerator$ProxyMethod::codeUnwrapReturnValue (172 bytes)
Event: 3.755 Thread 0x00007f935a03e000 nmethod 3348 0x0000000119357610 code [0x00000001193578c0, 0x0000000119358830]
Event: 3.755 Thread 0x00007f935a03e000 3349       3       jdk.internal.org.objectweb.asm.SymbolTable$Entry::<init> (18 bytes)
Event: 3.755 Thread 0x00007f935a03e000 nmethod 3349 0x0000000119358c10 code [0x0000000119358da0, 0x0000000119358f20]

GC Heap History (14 events):
Event: 0.847 GC heap before
{Heap before GC invocations=0 (full 0):
 garbage-first heap   total 262144K, used 23552K [0x0000000700000000, 0x0000000800000000)
  region size 1024K, 23 young (23552K), 0 survivors (0K)
 Metaspace       used 11727K, capacity 11978K, committed 12288K, reserved 1060864K
  class space    used 1085K, capacity 1178K, committed 1280K, reserved 1048576K
}
Event: 0.853 GC heap after
{Heap after GC invocations=1 (full 0):
 garbage-first heap   total 262144K, used 6881K [0x0000000700000000, 0x0000000800000000)
  region size 1024K, 3 young (3072K), 3 survivors (3072K)
 Metaspace       used 11727K, capacity 11978K, committed 12288K, reserved 1060864K
  class space    used 1085K, capacity 1178K, committed 1280K, reserved 1048576K
}
Event: 1.311 GC heap before
{Heap before GC invocations=1 (full 0):
 garbage-first heap   total 262144K, used 34529K [0x0000000700000000, 0x0000000800000000)
  region size 1024K, 30 young (30720K), 3 survivors (3072K)
 Metaspace       used 15006K, capacity 15264K, committed 15360K, reserved 1062912K
  class space    used 1437K, capacity 1531K, committed 1536K, reserved 1048576K
}
Event: 1.316 GC heap after
{Heap after GC invocations=2 (full 0):
 garbage-first heap   total 262144K, used 8288K [0x0000000700000000, 0x0000000800000000)
  region size 1024K, 2 young (2048K), 2 survivors (2048K)
 Metaspace       used 15006K, capacity 15264K, committed 15360K, reserved 1062912K
  class space    used 1437K, capacity 1531K, committed 1536K, reserved 1048576K
}
Event: 1.922 GC heap before
{Heap before GC invocations=2 (full 0):
 garbage-first heap   total 262144K, used 70752K [0x0000000700000000, 0x0000000800000000)
  region size 1024K, 64 young (65536K), 2 survivors (2048K)
 Metaspace       used 20643K, capacity 21120K, committed 21296K, reserved 1069056K
  class space    used 2156K, capacity 2334K, committed 2432K, reserved 1048576K
}
Event: 1.928 GC heap after
{Heap after GC invocations=3 (full 0):
 garbage-first heap   total 262144K, used 9466K [0x0000000700000000, 0x0000000800000000)
  region size 1024K, 3 young (3072K), 3 survivors (3072K)
 Metaspace       used 20643K, capacity 21120K, committed 21296K, reserved 1069056K
  class space    used 2156K, capacity 2334K, committed 2432K, reserved 1048576K
}
Event: 2.114 GC heap before
{Heap before GC invocations=4 (full 0):
 garbage-first heap   total 37888K, used 37114K [0x0000000700000000, 0x0000000800000000)
  region size 1024K, 30 young (30720K), 3 survivors (3072K)
 Metaspace       used 22625K, capacity 23117K, committed 23472K, reserved 1071104K
  class space    used 2343K, capacity 2529K, committed 2560K, reserved 1048576K
}
Event: 2.118 GC heap after
{Heap after GC invocations=5 (full 0):
 garbage-first heap   total 40960K, used 9678K [0x0000000700000000, 0x0000000800000000)
  region size 1024K, 3 young (3072K), 3 survivors (3072K)
 Metaspace       used 22625K, capacity 23117K, committed 23472K, reserved 1071104K
  class space    used 2343K, capacity 2529K, committed 2560K, reserved 1048576K
}
Event: 2.223 GC heap before
{Heap before GC invocations=5 (full 0):
 garbage-first heap   total 40960K, used 29134K [0x0000000700000000, 0x0000000800000000)
  region size 1024K, 22 young (22528K), 3 survivors (3072K)
 Metaspace       used 23660K, capacity 24219K, committed 24368K, reserved 1071104K
  class space    used 2485K, capacity 2662K, committed 2688K, reserved 1048576K
}
Event: 2.228 GC heap after
{Heap after GC invocations=6 (full 0):
 garbage-first heap   total 151552K, used 9789K [0x0000000700000000, 0x0000000800000000)
  region size 1024K, 2 young (2048K), 2 survivors (2048K)
 Metaspace       used 23660K, capacity 24219K, committed 24368K, reserved 1071104K
  class space    used 2485K, capacity 2662K, committed 2688K, reserved 1048576K
}
Event: 2.875 GC heap before
{Heap before GC invocations=6 (full 0):
 garbage-first heap   total 151552K, used 96829K [0x0000000700000000, 0x0000000800000000)
  region size 1024K, 88 young (90112K), 2 survivors (2048K)
 Metaspace       used 29564K, capacity 30306K, committed 30768K, reserved 1077248K
  class space    used 3343K, capacity 3612K, committed 3712K, reserved 1048576K
}
Event: 2.880 GC heap after
{Heap after GC invocations=7 (full 0):
 garbage-first heap   total 151552K, used 11454K [0x0000000700000000, 0x0000000800000000)
  region size 1024K, 4 young (4096K), 4 survivors (4096K)
 Metaspace       used 29564K, capacity 30306K, committed 30768K, reserved 1077248K
  class space    used 3343K, capacity 3612K, committed 3712K, reserved 1048576K
}
Event: 3.418 GC heap before
{Heap before GC invocations=7 (full 0):
 garbage-first heap   total 151552K, used 96446K [0x0000000700000000, 0x0000000800000000)
  region size 1024K, 88 young (90112K), 4 survivors (4096K)
 Metaspace       used 32714K, capacity 33572K, committed 33712K, reserved 1079296K
  class space    used 3708K, capacity 4004K, committed 4096K, reserved 1048576K
}
Event: 3.424 GC heap after
{Heap after GC invocations=8 (full 0):
 garbage-first heap   total 151552K, used 12816K [0x0000000700000000, 0x0000000800000000)
  region size 1024K, 5 young (5120K), 5 survivors (5120K)
 Metaspace       used 32714K, capacity 33572K, committed 33712K, reserved 1079296K
  class space    used 3708K, capacity 4004K, committed 4096K, reserved 1048576K
}

Deoptimization events (20 events):
Event: 3.542 Thread 0x00007f9359002000 DEOPT PACKING pc=0x0000000118e8ff3c sp=0x000070000e50ff40
Event: 3.542 Thread 0x00007f9359002000 DEOPT UNPACKING pc=0x00000001186cd33a sp=0x000070000e50f418 mode 1
Event: 3.542 Thread 0x00007f9359002000 DEOPT PACKING pc=0x0000000118ec62bc sp=0x000070000e510680
Event: 3.542 Thread 0x00007f9359002000 DEOPT UNPACKING pc=0x00000001186cd33a sp=0x000070000e50fb78 mode 1
Event: 3.542 Thread 0x00007f9359002000 DEOPT PACKING pc=0x000000011920467c sp=0x000070000e510720
Event: 3.542 Thread 0x00007f9359002000 DEOPT UNPACKING pc=0x00000001186cd33a sp=0x000070000e50fc48 mode 1
Event: 3.626 Thread 0x00007f9359002000 DEOPT PACKING pc=0x00000001191f842a sp=0x000070000e5102a0
Event: 3.626 Thread 0x00007f9359002000 DEOPT UNPACKING pc=0x00000001186cd33a sp=0x000070000e50f760 mode 0
Event: 3.665 Thread 0x00007f9359002000 Uncommon trap: trap_request=0xffffff45 fr.pc=0x0000000120301814 relative=0x000000000000e614
Event: 3.665 Thread 0x00007f9359002000 Uncommon trap: reason=unstable_if action=reinterpret pc=0x0000000120301814 method=org.eclipse.jdt.launching.internal.org.objectweb.asm.ClassReader.accept(Lorg/eclipse/jdt/launching/internal/org/objectweb/asm/ClassVisitor;[Lorg/eclipse/jdt/launching/intern
Event: 3.665 Thread 0x00007f9359002000 DEOPT PACKING pc=0x0000000120301814 sp=0x000070000e50ad50
Event: 3.665 Thread 0x00007f9359002000 DEOPT UNPACKING pc=0x00000001186cce25 sp=0x000070000e50ad38 mode 2
Event: 3.731 Thread 0x00007f9359002000 Uncommon trap: trap_request=0xffffff45 fr.pc=0x00000001203205cc relative=0x000000000000024c
Event: 3.731 Thread 0x00007f9359002000 Uncommon trap: reason=unstable_if action=reinterpret pc=0x00000001203205cc method=org.springframework.beans.factory.support.AbstractAutowireCapableBeanFactory.predictBeanType(Ljava/lang/String;Lorg/springframework/beans/factory/support/RootBeanDefinition;
Event: 3.731 Thread 0x00007f9359002000 DEOPT PACKING pc=0x00000001203205cc sp=0x000070000e510be0
Event: 3.731 Thread 0x00007f9359002000 DEOPT UNPACKING pc=0x00000001186cce25 sp=0x000070000e510b90 mode 2
Event: 3.734 Thread 0x00007f9359002000 DEOPT PACKING pc=0x000000011924b7ec sp=0x000070000e510400
Event: 3.734 Thread 0x00007f9359002000 DEOPT UNPACKING pc=0x00000001186cd33a sp=0x000070000e50f998 mode 1
Event: 3.734 Thread 0x00007f9359002000 DEOPT PACKING pc=0x000000011924b7ec sp=0x000070000e510400
Event: 3.734 Thread 0x00007f9359002000 DEOPT UNPACKING pc=0x00000001186cd33a sp=0x000070000e50f998 mode 1

Classes unloaded (0 events):
No events

Classes redefined (0 events):
No events

Internal exceptions (20 events):
Event: 2.570 Thread 0x00007f935ab83000 Exception <a 'java/lang/NoSuchMethodError'{0x00000007069d57f0}: 'long java.lang.invoke.DirectMethodHandle$Holder.invokeStaticInit(java.lang.Object, java.lang.Object)'> (0x00000007069d57f0) 
thrown [./open/src/hotspot/share/interpreter/linkResolver.cpp, line 766]
Event: 2.572 Thread 0x00007f935ab83000 Exception <a 'java/lang/NoSuchMethodError'{0x00000007069e1268}: 'long java.lang.invoke.DirectMethodHandle$Holder.invokeInterface(java.lang.Object, java.lang.Object)'> (0x00000007069e1268) 
thrown [./open/src/hotspot/share/interpreter/linkResolver.cpp, line 766]
Event: 2.572 Thread 0x00007f935ab83000 Exception <a 'java/lang/IncompatibleClassChangeError'{0x00000007069e3d90}: Found class java.lang.Object, but interface was expected> (0x00000007069e3d90) 
thrown [./open/src/hotspot/share/interpreter/linkResolver.cpp, line 832]
Event: 2.579 Thread 0x00007f9359002000 Implicit null exception at 0x000000012023c84a to 0x0000000120242600
Event: 2.587 Thread 0x00007f935ab83000 Exception <a 'java/lang/NoSuchMethodError'{0x0000000706589c60}: 'java.lang.Object java.lang.invoke.DirectMethodHandle$Holder.invokeVirtual(java.lang.Object, java.lang.Object, java.lang.Object, java.lang.Object)'> (0x0000000706589c60) 
thrown [./open/src/hotspot/share/interpreter/linkResolver.cpp, line 766]
Event: 2.588 Thread 0x00007f9359002000 Implicit null exception at 0x00000001201bc713 to 0x00000001201bc9d8
Event: 2.703 Thread 0x00007f9359002000 Exception <a 'java/lang/ClassNotFoundException'{0x00000007058646b8}: java/lang/ObjectCustomizer> (0x00000007058646b8) 
thrown [./open/src/hotspot/share/classfile/systemDictionary.cpp, line 226]
Event: 2.714 Thread 0x00007f9359002000 Exception <a 'java/lang/ClassNotFoundException'{0x000000070589ef58}: org/springframework/context/annotation/ConfigurationClassPostProcessorCustomizer> (0x000000070589ef58) 
thrown [./open/src/hotspot/share/classfile/systemDictionary.cpp, line 226]
Event: 2.725 Thread 0x00007f9359002000 Exception <a 'java/lang/ClassNotFoundException'{0x00000007057650a0}: org/springframework/beans/factory/support/BeanDefinitionRegistryPostProcessorCustomizer> (0x00000007057650a0) 
thrown [./open/src/hotspot/share/classfile/systemDictionary.cpp, line 226]
Event: 2.726 Thread 0x00007f9359002000 Exception <a 'java/lang/ClassNotFoundException'{0x0000000705781468}: org/springframework/beans/factory/config/BeanFactoryPostProcessorCustomizer> (0x0000000705781468) 
thrown [./open/src/hotspot/share/classfile/systemDictionary.cpp, line 226]
Event: 2.727 Thread 0x00007f9359002000 Exception <a 'java/lang/ClassNotFoundException'{0x0000000705798c68}: org/springframework/core/PriorityOrderedCustomizer> (0x0000000705798c68) 
thrown [./open/src/hotspot/share/classfile/systemDictionary.cpp, line 226]
Event: 2.727 Thread 0x00007f9359002000 Exception <a 'java/lang/ClassNotFoundException'{0x00000007057adab0}: org/springframework/core/OrderedCustomizer> (0x00000007057adab0) 
thrown [./open/src/hotspot/share/classfile/systemDictionary.cpp, line 226]
Event: 2.728 Thread 0x00007f9359002000 Exception <a 'java/lang/ClassNotFoundException'{0x00000007057c60d0}: org/springframework/context/ResourceLoaderAwareCustomizer> (0x00000007057c60d0) 
thrown [./open/src/hotspot/share/classfile/systemDictionary.cpp, line 226]
Event: 2.731 Thread 0x00007f9359002000 Exception <a 'java/lang/ClassNotFoundException'{0x00000007057dd1e8}: org/springframework/beans/factory/AwareCustomizer> (0x00000007057dd1e8) 
thrown [./open/src/hotspot/share/classfile/systemDictionary.cpp, line 226]
Event: 2.732 Thread 0x00007f9359002000 Exception <a 'java/lang/ClassNotFoundException'{0x00000007057f5fe0}: org/springframework/beans/factory/BeanClassLoaderAwareCustomizer> (0x00000007057f5fe0) 
thrown [./open/src/hotspot/share/classfile/systemDictionary.cpp, line 226]
Event: 2.733 Thread 0x00007f9359002000 Exception <a 'java/lang/ClassNotFoundException'{0x000000070560d5e8}: org/springframework/beans/factory/AwareCustomizer> (0x000000070560d5e8) 
thrown [./open/src/hotspot/share/classfile/systemDictionary.cpp, line 226]
Event: 2.734 Thread 0x00007f9359002000 Exception <a 'java/lang/ClassNotFoundException'{0x0000000705624a30}: org/springframework/context/EnvironmentAwareCustomizer> (0x0000000705624a30) 
thrown [./open/src/hotspot/share/classfile/systemDictionary.cpp, line 226]
Event: 2.734 Thread 0x00007f9359002000 Exception <a 'java/lang/ClassNotFoundException'{0x000000070563bab0}: org/springframework/beans/factory/AwareCustomizer> (0x000000070563bab0) 
thrown [./open/src/hotspot/share/classfile/systemDictionary.cpp, line 226]
Event: 2.922 Thread 0x00007f9359002000 Exception <a 'java/lang/IncompatibleClassChangeError'{0x0000000707309c78}: Found class java.lang.Object, but interface was expected> (0x0000000707309c78) 
thrown [./open/src/hotspot/share/interpreter/linkResolver.cpp, line 832]
Event: 3.469 Thread 0x00007f9359002000 Exception <a 'java/lang/NoSuchMethodError'{0x0000000708e208f0}: 'java.lang.Object java.lang.invoke.DirectMethodHandle$Holder.invokeStatic(java.lang.Object, java.lang.Object, java.lang.Object, java.lang.Object, int)'> (0x0000000708e208f0) 
thrown [./open/src/hotspot/share/interpreter/linkResolver.cpp, line 766]

Events (20 events):
Event: 3.663 Executing VM operation: HandshakeAllThreads done
Event: 3.701 loading class jdk/internal/org/objectweb/asm/ClassReader
Event: 3.702 loading class jdk/internal/org/objectweb/asm/ClassReader done
Event: 3.720 loading class java/util/DualPivotQuicksort
Event: 3.720 loading class java/util/DualPivotQuicksort done
Event: 3.725 loading class jdk/internal/reflect/UnsafeStaticObjectFieldAccessorImpl
Event: 3.725 loading class jdk/internal/reflect/UnsafeStaticObjectFieldAccessorImpl done
Event: 3.737 loading class sun/reflect/generics/scope/ConstructorScope
Event: 3.737 loading class sun/reflect/generics/scope/ConstructorScope done
Event: 3.737 loading class sun/reflect/generics/tree/VoidDescriptor
Event: 3.737 loading class sun/reflect/generics/tree/VoidDescriptor done
Event: 3.748 Executing VM operation: ChangeBreakpoints
Event: 3.749 Executing VM operation: ChangeBreakpoints done
Event: 3.750 Executing VM operation: ChangeBreakpoints
Event: 3.751 Executing VM operation: ChangeBreakpoints done
Event: 3.752 Executing VM operation: ChangeBreakpoints
Event: 3.754 Executing VM operation: ChangeBreakpoints done
Event: 3.755 Executing VM operation: ChangeBreakpoints
Event: 3.756 Executing VM operation: ChangeBreakpoints done
Event: 3.760 Executing VM operation: ChangeBreakpoints


Dynamic libraries:
0x00007fff7d624000 	/usr/lib/libz.1.dylib
0x000000010fff4000 	/Applications/SpringToolSuite4.app/Contents/Eclipse/plugins/org.eclipse.justj.openjdk.hotspot.jre.full.macosx.x86_64_14.0.2.v20200815-0932/jre/lib/libjli.dylib
0x00007fff51769000 	/System/Library/Frameworks/Cocoa.framework/Versions/A/Cocoa
0x00007fff5d52d000 	/System/Library/Frameworks/Security.framework/Versions/A/Security
0x00007fff503fb000 	/System/Library/Frameworks/ApplicationServices.framework/Versions/A/ApplicationServices
0x00007fff7af7b000 	/usr/lib/libSystem.B.dylib
0x00007fff7de1a000 	/usr/lib/system/libcache.dylib
0x00007fff7de1f000 	/usr/lib/system/libcommonCrypto.dylib
0x00007fff7de2a000 	/usr/lib/system/libcompiler_rt.dylib
0x00007fff7de32000 	/usr/lib/system/libcopyfile.dylib
0x00007fff7de3c000 	/usr/lib/system/libcorecrypto.dylib
0x00007fff7df47000 	/usr/lib/system/libdispatch.dylib
0x00007fff7df81000 	/usr/lib/system/libdyld.dylib
0x00007fff7dfae000 	/usr/lib/system/libkeymgr.dylib
0x00007fff7dfbc000 	/usr/lib/system/liblaunch.dylib
0x00007fff7dfbd000 	/usr/lib/system/libmacho.dylib
0x00007fff7dfc3000 	/usr/lib/system/libquarantine.dylib
0x00007fff7dfc6000 	/usr/lib/system/libremovefile.dylib
0x00007fff7dfc8000 	/usr/lib/system/libsystem_asl.dylib
0x00007fff7dfe0000 	/usr/lib/system/libsystem_blocks.dylib
0x00007fff7dfe1000 	/usr/lib/system/libsystem_c.dylib
0x00007fff7e069000 	/usr/lib/system/libsystem_configuration.dylib
0x00007fff7e06d000 	/usr/lib/system/libsystem_coreservices.dylib
0x00007fff7e071000 	/usr/lib/system/libsystem_darwin.dylib
0x00007fff7e078000 	/usr/lib/system/libsystem_dnssd.dylib
0x00007fff7e07f000 	/usr/lib/system/libsystem_info.dylib
0x00007fff7e0f4000 	/usr/lib/system/libsystem_m.dylib
0x00007fff7e140000 	/usr/lib/system/libsystem_malloc.dylib
0x00007fff7e16b000 	/usr/lib/system/libsystem_networkextension.dylib
0x00007fff7e176000 	/usr/lib/system/libsystem_notify.dylib
0x00007fff7e193000 	/usr/lib/system/libsystem_sandbox.dylib
0x00007fff7e197000 	/usr/lib/system/libsystem_secinit.dylib
0x00007fff7e0cb000 	/usr/lib/system/libsystem_kernel.dylib
0x00007fff7e17e000 	/usr/lib/system/libsystem_platform.dylib
0x00007fff7e188000 	/usr/lib/system/libsystem_pthread.dylib
0x00007fff7e19a000 	/usr/lib/system/libsystem_symptoms.dylib
0x00007fff7e1a2000 	/usr/lib/system/libsystem_trace.dylib
0x00007fff7e1b9000 	/usr/lib/system/libunwind.dylib
0x00007fff7e1bf000 	/usr/lib/system/libxpc.dylib
0x00007fff7c7b4000 	/usr/lib/libobjc.A.dylib
0x00007fff7b214000 	/usr/lib/libc++abi.dylib
0x00007fff7b1c0000 	/usr/lib/libc++.1.dylib
0x00007fff51fde000 	/System/Library/Frameworks/CoreFoundation.framework/Versions/A/CoreFoundation
0x00007fff54263000 	/System/Library/Frameworks/Foundation.framework/Versions/C/Foundation
0x00007fff4f5f4000 	/System/Library/Frameworks/AppKit.framework/Versions/C/AppKit
0x00007fff51b67000 	/System/Library/Frameworks/CoreData.framework/Versions/A/CoreData
0x00007fff74a3e000 	/System/Library/PrivateFrameworks/RemoteViewServices.framework/Versions/A/RemoteViewServices
0x00007fff78cb7000 	/System/Library/PrivateFrameworks/UIFoundation.framework/Versions/A/UIFoundation
0x00007fff7a39c000 	/System/Library/PrivateFrameworks/XCTTargetBootstrap.framework/Versions/A/XCTTargetBootstrap
0x00007fff51eed000 	/System/Library/Frameworks/CoreDisplay.framework/Versions/A/CoreDisplay
0x00007fff6f776000 	/System/Library/PrivateFrameworks/IconServices.framework/Versions/A/IconServices
0x00007fff56b98000 	/System/Library/Frameworks/Metal.framework/Versions/A/Metal
0x00007fff66cba000 	/System/Library/PrivateFrameworks/DesktopServicesPriv.framework/Versions/A/DesktopServicesPriv
0x00007fff7bb17000 	/usr/lib/libenergytrace.dylib
0x00007fff7719d000 	/System/Library/PrivateFrameworks/SkyLight.framework/Versions/A/SkyLight
0x00007fff52425000 	/System/Library/Frameworks/CoreGraphics.framework/Versions/A/CoreGraphics
0x00007fff4e3c0000 	/System/Library/Frameworks/Accelerate.framework/Versions/A/Accelerate
0x00007fff549ac000 	/System/Library/Frameworks/IOSurface.framework/Versions/A/IOSurface
0x00007fff66b26000 	/System/Library/PrivateFrameworks/DFRFoundation.framework/Versions/A/DFRFoundation
0x00007fff508de000 	/System/Library/Frameworks/AudioToolbox.framework/Versions/A/AudioToolbox
0x00007fff50b57000 	/System/Library/Frameworks/AudioUnit.framework/Versions/A/AudioUnit
0x00007fff66bbb000 	/System/Library/PrivateFrameworks/DataDetectorsCore.framework/Versions/A/DataDetectorsCore
0x00007fff5126c000 	/System/Library/Frameworks/Carbon.framework/Versions/A/Frameworks/HIToolbox.framework/Versions/A/HIToolbox
0x00007fff7bc70000 	/usr/lib/libicucore.A.dylib
0x00007fff5caa0000 	/System/Library/Frameworks/QuartzCore.framework/Versions/A/QuartzCore
0x00007fff51641000 	/System/Library/Frameworks/Carbon.framework/Versions/A/Frameworks/SpeechRecognition.framework/Versions/A/SpeechRecognition
0x00007fff7b0cf000 	/usr/lib/libauto.dylib
0x00007fff7d517000 	/usr/lib/libxml2.2.dylib
0x00007fff66701000 	/System/Library/PrivateFrameworks/CoreUI.framework/Versions/A/CoreUI
0x00007fff51a52000 	/System/Library/Frameworks/CoreAudio.framework/Versions/A/CoreAudio
0x00007fff54097000 	/System/Library/Frameworks/DiskArbitration.framework/Versions/A/DiskArbitration
0x00007fff7bf1e000 	/usr/lib/liblangid.dylib
0x00007fff70b82000 	/System/Library/PrivateFrameworks/MultitouchSupport.framework/Versions/A/MultitouchSupport
0x00007fff5491b000 	/System/Library/Frameworks/IOKit.framework/Versions/A/IOKit
0x00007fff7ab3b000 	/usr/lib/libDiagnosticMessagesClient.dylib
0x00007fff53235000 	/System/Library/Frameworks/CoreServices.framework/Versions/A/CoreServices
0x00007fff7283d000 	/System/Library/PrivateFrameworks/PerformanceAnalysis.framework/Versions/A/PerformanceAnalysis
0x00007fff5bc87000 	/System/Library/Frameworks/OpenGL.framework/Versions/A/OpenGL
0x00007fff51777000 	/System/Library/Frameworks/ColorSync.framework/Versions/A/ColorSync
0x00007fff52ab7000 	/System/Library/Frameworks/CoreImage.framework/Versions/A/CoreImage
0x00007fff53c0d000 	/System/Library/Frameworks/CoreText.framework/Versions/A/CoreText
0x00007fff54a0f000 	/System/Library/Frameworks/ImageIO.framework/Versions/A/ImageIO
0x00007fff62d51000 	/System/Library/PrivateFrameworks/Backup.framework/Versions/A/Backup
0x00007fff7b022000 	/usr/lib/libarchive.2.dylib
0x00007fff50eb0000 	/System/Library/Frameworks/CFNetwork.framework/Versions/A/CFNetwork
0x00007fff5dc89000 	/System/Library/Frameworks/SystemConfiguration.framework/Versions/A/SystemConfiguration
0x00007fff7aa6c000 	/usr/lib/libCRFSuite.dylib
0x00007fff7b1a1000 	/usr/lib/libbsm.0.dylib
0x00007fff7dfaf000 	/usr/lib/system/libkxld.dylib
0x00007fff62142000 	/System/Library/PrivateFrameworks/AppleFSCompression.framework/Versions/A/AppleFSCompression
0x00007fff7ae3b000 	/usr/lib/libOpenScriptingUtil.dylib
0x00007fff7b4c9000 	/usr/lib/libcoretls.dylib
0x00007fff7b4e0000 	/usr/lib/libcoretls_cfhelpers.dylib
0x00007fff7cf4b000 	/usr/lib/libpam.2.dylib
0x00007fff7d10b000 	/usr/lib/libsqlite3.dylib
0x00007fff7d505000 	/usr/lib/libxar.1.dylib
0x00007fff7b1b2000 	/usr/lib/libbz2.1.0.dylib
0x00007fff7bf20000 	/usr/lib/liblzma.5.dylib
0x00007fff7c3d1000 	/usr/lib/libnetwork.dylib
0x00007fff7b00b000 	/usr/lib/libapple_nghttp2.dylib
0x00007fff7cf52000 	/usr/lib/libpcap.A.dylib
0x00007fff535d4000 	/System/Library/Frameworks/CoreServices.framework/Versions/A/Frameworks/FSEvents.framework/Versions/A/FSEvents
0x00007fff532b3000 	/System/Library/Frameworks/CoreServices.framework/Versions/A/Frameworks/CarbonCore.framework/Versions/A/CarbonCore
0x00007fff5378f000 	/System/Library/Frameworks/CoreServices.framework/Versions/A/Frameworks/Metadata.framework/Versions/A/Metadata
0x00007fff5382e000 	/System/Library/Frameworks/CoreServices.framework/Versions/A/Frameworks/OSServices.framework/Versions/A/OSServices
0x00007fff53879000 	/System/Library/Frameworks/CoreServices.framework/Versions/A/Frameworks/SearchKit.framework/Versions/A/SearchKit
0x00007fff53236000 	/System/Library/Frameworks/CoreServices.framework/Versions/A/Frameworks/AE.framework/Versions/A/AE
0x00007fff535dd000 	/System/Library/Frameworks/CoreServices.framework/Versions/A/Frameworks/LaunchServices.framework/Versions/A/LaunchServices
0x00007fff5358b000 	/System/Library/Frameworks/CoreServices.framework/Versions/A/Frameworks/DictionaryServices.framework/Versions/A/DictionaryServices
0x00007fff538e1000 	/System/Library/Frameworks/CoreServices.framework/Versions/A/Frameworks/SharedFileList.framework/Versions/A/SharedFileList
0x00007fff57c62000 	/System/Library/Frameworks/NetFS.framework/Versions/A/NetFS
0x00007fff70de8000 	/System/Library/PrivateFrameworks/NetAuth.framework/Versions/A/NetAuth
0x00007fff7a7a0000 	/System/Library/PrivateFrameworks/login.framework/Versions/A/Frameworks/loginsupport.framework/Versions/A/loginsupport
0x00007fff788c0000 	/System/Library/PrivateFrameworks/TCC.framework/Versions/A/TCC
0x00007fff65d5e000 	/System/Library/PrivateFrameworks/CoreNLP.framework/Versions/A/CoreNLP
0x00007fff7087d000 	/System/Library/PrivateFrameworks/MetadataUtilities.framework/Versions/A/MetadataUtilities
0x00007fff7bff5000 	/usr/lib/libmecabra.dylib
0x00007fff503fc000 	/System/Library/Frameworks/ApplicationServices.framework/Versions/A/Frameworks/ATS.framework/Versions/A/ATS
0x00007fff5074b000 	/System/Library/Frameworks/ApplicationServices.framework/Versions/A/Frameworks/ColorSyncLegacy.framework/Versions/A/ColorSyncLegacy
0x00007fff507ea000 	/System/Library/Frameworks/ApplicationServices.framework/Versions/A/Frameworks/HIServices.framework/Versions/A/HIServices
0x00007fff5083d000 	/System/Library/Frameworks/ApplicationServices.framework/Versions/A/Frameworks/LangAnalysis.framework/Versions/A/LangAnalysis
0x00007fff5084d000 	/System/Library/Frameworks/ApplicationServices.framework/Versions/A/Frameworks/PrintCore.framework/Versions/A/PrintCore
0x00007fff50897000 	/System/Library/Frameworks/ApplicationServices.framework/Versions/A/Frameworks/QD.framework/Versions/A/QD
0x00007fff508d1000 	/System/Library/Frameworks/ApplicationServices.framework/Versions/A/Frameworks/SpeechSynthesis.framework/Versions/A/SpeechSynthesis
0x00007fff7b23c000 	/usr/lib/libcompression.dylib
0x00007fff56e68000 	/System/Library/Frameworks/MetalPerformanceShaders.framework/Versions/A/MetalPerformanceShaders
0x00007fff4e3d8000 	/System/Library/Frameworks/Accelerate.framework/Versions/A/Frameworks/vImage.framework/Versions/A/vImage
0x00007fff4f452000 	/System/Library/Frameworks/Accelerate.framework/Versions/A/Frameworks/vecLib.framework/Versions/A/vecLib
0x00007fff4f39e000 	/System/Library/Frameworks/Accelerate.framework/Versions/A/Frameworks/vecLib.framework/Versions/A/libvMisc.dylib
0x00007fff4f1b6000 	/System/Library/Frameworks/Accelerate.framework/Versions/A/Frameworks/vecLib.framework/Versions/A/libvDSP.dylib
0x00007fff4ea72000 	/System/Library/Frameworks/Accelerate.framework/Versions/A/Frameworks/vecLib.framework/Versions/A/libBLAS.dylib
0x00007fff4ed5f000 	/System/Library/Frameworks/Accelerate.framework/Versions/A/Frameworks/vecLib.framework/Versions/A/libLAPACK.dylib
0x00007fff4f109000 	/System/Library/Frameworks/Accelerate.framework/Versions/A/Frameworks/vecLib.framework/Versions/A/libLinearAlgebra.dylib
0x00007fff4f1a2000 	/System/Library/Frameworks/Accelerate.framework/Versions/A/Frameworks/vecLib.framework/Versions/A/libSparseBLAS.dylib
0x00007fff4f11f000 	/System/Library/Frameworks/Accelerate.framework/Versions/A/Frameworks/vecLib.framework/Versions/A/libQuadrature.dylib
0x00007fff4ecec000 	/System/Library/Frameworks/Accelerate.framework/Versions/A/Frameworks/vecLib.framework/Versions/A/libBNNS.dylib
0x00007fff4f125000 	/System/Library/Frameworks/Accelerate.framework/Versions/A/Frameworks/vecLib.framework/Versions/A/libSparse.dylib
0x00007fff6d0ac000 	/System/Library/PrivateFrameworks/GPUWrangler.framework/Versions/A/GPUWrangler
0x00007fff6f3ab000 	/System/Library/PrivateFrameworks/IOAccelerator.framework/Versions/A/IOAccelerator
0x00007fff6f3b6000 	/System/Library/PrivateFrameworks/IOPresentment.framework/Versions/A/IOPresentment
0x00007fff66b36000 	/System/Library/PrivateFrameworks/DSExternalDisplay.framework/Versions/A/DSExternalDisplay
0x00007fff5b0de000 	/System/Library/Frameworks/OpenGL.framework/Versions/A/Libraries/libCoreFSCache.dylib
0x00007fff56c5c000 	/System/Library/Frameworks/MetalPerformanceShaders.framework/Frameworks/MPSCore.framework/Versions/A/MPSCore
0x00007fff56c7c000 	/System/Library/Frameworks/MetalPerformanceShaders.framework/Frameworks/MPSImage.framework/Versions/A/MPSImage
0x00007fff56d21000 	/System/Library/Frameworks/MetalPerformanceShaders.framework/Frameworks/MPSNeuralNetwork.framework/Versions/A/MPSNeuralNetwork
0x00007fff56cf9000 	/System/Library/Frameworks/MetalPerformanceShaders.framework/Frameworks/MPSMatrix.framework/Versions/A/MPSMatrix
0x00007fff56e4d000 	/System/Library/Frameworks/MetalPerformanceShaders.framework/Frameworks/MPSRayIntersector.framework/Versions/A/MPSRayIntersector
0x00007fff708a6000 	/System/Library/PrivateFrameworks/MetalTools.framework/Versions/A/MetalTools
0x00007fff619ec000 	/System/Library/PrivateFrameworks/AggregateDictionary.framework/Versions/A/AggregateDictionary
0x00007fff7ae1b000 	/usr/lib/libMobileGestalt.dylib
0x00007fff53d70000 	/System/Library/Frameworks/CoreVideo.framework/Versions/A/CoreVideo
0x00007fff6debd000 	/System/Library/PrivateFrameworks/GraphVisualizer.framework/Versions/A/GraphVisualizer
0x00007fff67d3c000 	/System/Library/PrivateFrameworks/FaceCore.framework/Versions/A/FaceCore
0x00007fff5a70c000 	/System/Library/Frameworks/OpenCL.framework/Versions/A/OpenCL
0x00007fff7ab73000 	/usr/lib/libFosl_dynamic.dylib
0x00007fff71653000 	/System/Library/PrivateFrameworks/OTSVG.framework/Versions/A/OTSVG
0x00007fff50500000 	/System/Library/Frameworks/ApplicationServices.framework/Versions/A/Frameworks/ATS.framework/Versions/A/Resources/libFontParser.dylib
0x00007fff50618000 	/System/Library/Frameworks/ApplicationServices.framework/Versions/A/Frameworks/ATS.framework/Versions/A/Resources/libFontRegistry.dylib
0x00007fff54c7e000 	/System/Library/Frameworks/ImageIO.framework/Versions/A/Resources/libJPEG.dylib
0x00007fff54fa3000 	/System/Library/Frameworks/ImageIO.framework/Versions/A/Resources/libTIFF.dylib
0x00007fff54f79000 	/System/Library/Frameworks/ImageIO.framework/Versions/A/Resources/libPng.dylib
0x00007fff54b9c000 	/System/Library/Frameworks/ImageIO.framework/Versions/A/Resources/libGIF.dylib
0x00007fff54ba1000 	/System/Library/Frameworks/ImageIO.framework/Versions/A/Resources/libJP2.dylib
0x00007fff54fa0000 	/System/Library/Frameworks/ImageIO.framework/Versions/A/Resources/libRadiance.dylib
0x00007fff62299000 	/System/Library/PrivateFrameworks/AppleJPEG.framework/Versions/A/AppleJPEG
0x00007fff5b0e9000 	/System/Library/Frameworks/OpenGL.framework/Versions/A/Libraries/libGFXShared.dylib
0x00007fff5b2ac000 	/System/Library/Frameworks/OpenGL.framework/Versions/A/Libraries/libGLU.dylib
0x00007fff5b0f2000 	/System/Library/Frameworks/OpenGL.framework/Versions/A/Libraries/libGL.dylib
0x00007fff5b0fe000 	/System/Library/Frameworks/OpenGL.framework/Versions/A/Libraries/libGLImage.dylib
0x00007fff5b0db000 	/System/Library/Frameworks/OpenGL.framework/Versions/A/Libraries/libCVMSPluginSupport.dylib
0x00007fff5b0e4000 	/System/Library/Frameworks/OpenGL.framework/Versions/A/Libraries/libCoreVMClient.dylib
0x00007fff7b98d000 	/usr/lib/libcups.2.dylib
0x00007fff56163000 	/System/Library/Frameworks/Kerberos.framework/Versions/A/Kerberos
0x00007fff5467f000 	/System/Library/Frameworks/GSS.framework/Versions/A/GSS
0x00007fff7d0a0000 	/usr/lib/libresolv.9.dylib
0x00007fff7bb7f000 	/usr/lib/libiconv.2.dylib
0x00007fff6e032000 	/System/Library/PrivateFrameworks/Heimdal.framework/Versions/A/Heimdal
0x00007fff7bb4f000 	/usr/lib/libheimdal-asn1.dylib
0x00007fff5a780000 	/System/Library/Frameworks/OpenDirectory.framework/Versions/A/OpenDirectory
0x00007fff64ac1000 	/System/Library/PrivateFrameworks/CommonAuth.framework/Versions/A/CommonAuth
0x00007fff5a764000 	/System/Library/Frameworks/OpenDirectory.framework/Versions/A/Frameworks/CFOpenDirectory.framework/Versions/A/CFOpenDirectory
0x00007fff5d82e000 	/System/Library/Frameworks/SecurityFoundation.framework/Versions/A/SecurityFoundation
0x00007fff60f32000 	/System/Library/PrivateFrameworks/APFS.framework/Versions/A/APFS
0x00007fff7d501000 	/usr/lib/libutil.dylib
0x00007fff7b22a000 	/usr/lib/libcharset.1.dylib
0x00007fff62536000 	/System/Library/PrivateFrameworks/AppleSauce.framework/Versions/A/AppleSauce
0x00007fff626b7000 	/System/Library/PrivateFrameworks/AssertionServices.framework/Versions/A/AssertionServices
0x00007fff62de7000 	/System/Library/PrivateFrameworks/BaseBoard.framework/Versions/A/BaseBoard
0x00007fff7bf50000 	/usr/lib/libmecab.1.0.0.dylib
0x00007fff7bb49000 	/usr/lib/libgermantok.dylib
0x00007fff7aff8000 	/usr/lib/libThaiTokenizer.dylib
0x00007fff7aaa3000 	/usr/lib/libChineseTokenizer.dylib
0x00007fff6fa63000 	/System/Library/PrivateFrameworks/LanguageModeling.framework/Versions/A/LanguageModeling
0x00007fff657a3000 	/System/Library/PrivateFrameworks/CoreEmoji.framework/Versions/A/CoreEmoji
0x00007fff6fb3f000 	/System/Library/PrivateFrameworks/Lexicon.framework/Versions/A/Lexicon
0x00007fff6fb82000 	/System/Library/PrivateFrameworks/LinguisticData.framework/Versions/A/LinguisticData
0x00007fff7b22b000 	/usr/lib/libcmph.dylib
0x00007fff5d8ec000 	/System/Library/Frameworks/ServiceManagement.framework/Versions/A/ServiceManagement
0x00007fff62d48000 	/System/Library/PrivateFrameworks/BackgroundTaskManagement.framework/Versions/A/BackgroundTaskManagement
0x00007fff7d5fb000 	/usr/lib/libxslt.1.dylib
0x00007fff5156e000 	/System/Library/Frameworks/Carbon.framework/Versions/A/Frameworks/Ink.framework/Versions/A/Ink
0x00007fff78b32000 	/System/Library/PrivateFrameworks/TextureIO.framework/Versions/A/TextureIO
0x00007fff7b04c000 	/usr/lib/libate.dylib
0x00007fff66a85000 	/System/Library/PrivateFrameworks/CrashReporterSupport.framework/Versions/A/CrashReporterSupport
0x00007fff7626a000 	/System/Library/PrivateFrameworks/Sharing.framework/Versions/A/Sharing
0x00007fff62a9a000 	/System/Library/PrivateFrameworks/AuthKit.framework/Versions/A/AuthKit
0x00007fff61fee000 	/System/Library/PrivateFrameworks/Apple80211.framework/Versions/A/Apple80211
0x00007fff6682d000 	/System/Library/PrivateFrameworks/CoreUtils.framework/Versions/A/CoreUtils
0x00007fff53db1000 	/System/Library/Frameworks/CoreWLAN.framework/Versions/A/CoreWLAN
0x00007fff547ae000 	/System/Library/Frameworks/IOBluetooth.framework/Versions/A/IOBluetooth
0x00007fff746de000 	/System/Library/PrivateFrameworks/ProtocolBuffer.framework/Versions/A/ProtocolBuffer
0x00007fff70ade000 	/System/Library/PrivateFrameworks/MobileKeyBag.framework/Versions/A/MobileKeyBag
0x00007fff66071000 	/System/Library/PrivateFrameworks/CorePhoneNumbers.framework/Versions/A/CorePhoneNumbers
0x00007fff6224d000 	/System/Library/PrivateFrameworks/AppleIDAuthSupport.framework/Versions/A/AppleIDAuthSupport
0x00007fff6fa36000 	/System/Library/PrivateFrameworks/KeychainCircle.framework/Versions/A/KeychainCircle
0x00007fff74894000 	/System/Library/PrivateFrameworks/ROCKit.framework/Versions/A/ROCKit
0x00007fff66a21000 	/System/Library/PrivateFrameworks/CoreWiFi.framework/Versions/A/CoreWiFi
0x00007fff51b3c000 	/System/Library/Frameworks/CoreBluetooth.framework/Versions/A/CoreBluetooth
0x00007fff66c7c000 	/System/Library/PrivateFrameworks/DebugSymbols.framework/Versions/A/DebugSymbols
0x00007fff665ed000 	/System/Library/PrivateFrameworks/CoreSymbolication.framework/Versions/A/CoreSymbolication
0x00007fff7834d000 	/System/Library/PrivateFrameworks/Symbolication.framework/Versions/A/Symbolication
0x00007fff77bf0000 	/System/Library/PrivateFrameworks/SpeechRecognitionCore.framework/Versions/A/SpeechRecognitionCore
0x0000000111200000 	/Applications/SpringToolSuite4.app/Contents/Eclipse/plugins/org.eclipse.justj.openjdk.hotspot.jre.full.macosx.x86_64_14.0.2.v20200815-0932/jre/lib/server/libjvm.dylib
0x000000011003b000 	/Applications/SpringToolSuite4.app/Contents/Eclipse/plugins/org.eclipse.justj.openjdk.hotspot.jre.full.macosx.x86_64_14.0.2.v20200815-0932/jre/lib/libjimage.dylib
0x0000000110048000 	/Applications/SpringToolSuite4.app/Contents/Eclipse/plugins/org.eclipse.justj.openjdk.hotspot.jre.full.macosx.x86_64_14.0.2.v20200815-0932/jre/lib/libjdwp.dylib
0x0000000110084000 	/Applications/SpringToolSuite4.app/Contents/Eclipse/plugins/org.eclipse.justj.openjdk.hotspot.jre.full.macosx.x86_64_14.0.2.v20200815-0932/jre/lib/./libjava.dylib
0x00000001100ab000 	/Applications/SpringToolSuite4.app/Contents/Eclipse/plugins/org.eclipse.justj.openjdk.hotspot.jre.full.macosx.x86_64_14.0.2.v20200815-0932/jre/lib/libinstrument.dylib
0x0000000110134000 	/Applications/SpringToolSuite4.app/Contents/Eclipse/plugins/org.eclipse.justj.openjdk.hotspot.jre.full.macosx.x86_64_14.0.2.v20200815-0932/jre/lib/libzip.dylib
0x0000000132122000 	/Applications/SpringToolSuite4.app/Contents/Eclipse/plugins/org.eclipse.justj.openjdk.hotspot.jre.full.macosx.x86_64_14.0.2.v20200815-0932/jre/lib/libdt_socket.dylib
0x00000001321d4000 	/Applications/SpringToolSuite4.app/Contents/Eclipse/plugins/org.eclipse.justj.openjdk.hotspot.jre.full.macosx.x86_64_14.0.2.v20200815-0932/jre/lib/libnio.dylib
0x00000001321e7000 	/Applications/SpringToolSuite4.app/Contents/Eclipse/plugins/org.eclipse.justj.openjdk.hotspot.jre.full.macosx.x86_64_14.0.2.v20200815-0932/jre/lib/./libnet.dylib
0x00000001320c8000 	/Applications/SpringToolSuite4.app/Contents/Eclipse/plugins/org.eclipse.justj.openjdk.hotspot.jre.full.macosx.x86_64_14.0.2.v20200815-0932/jre/lib/libverify.dylib
0x000000013205f000 	/Applications/SpringToolSuite4.app/Contents/Eclipse/plugins/org.eclipse.justj.openjdk.hotspot.jre.full.macosx.x86_64_14.0.2.v20200815-0932/jre/lib/libextnet.dylib
0x00000001320fa000 	/Applications/SpringToolSuite4.app/Contents/Eclipse/plugins/org.eclipse.justj.openjdk.hotspot.jre.full.macosx.x86_64_14.0.2.v20200815-0932/jre/lib/libmanagement.dylib
0x0000000132115000 	/Applications/SpringToolSuite4.app/Contents/Eclipse/plugins/org.eclipse.justj.openjdk.hotspot.jre.full.macosx.x86_64_14.0.2.v20200815-0932/jre/lib/libmanagement_ext.dylib


VM Arguments:
jvm_args: -XX:+ShowCodeDetailsInExceptionMessages -agentlib:jdwp=transport=dt_socket,suspend=y,address=localhost:54063 -ea -javaagent:/Applications/SpringToolSuite4.app/Contents/Eclipse/configuration/org.eclipse.osgi/255/0/.cp/lib/javaagent-shaded.jar -Dfile.encoding=UTF-8 
java_command: org.eclipse.jdt.internal.junit.runner.RemoteTestRunner -version 3 -port 54061 -testLoaderClass org.eclipse.jdt.internal.junit5.runner.JUnit5TestLoader -loaderpluginname org.eclipse.jdt.junit5.runtime -test com.armut.test.UserControllerTest:signUpWithTheSameUserName -uniqueId [engine:junit-vintage]/[runner:com.armut.test.UserControllerTest]/[test:signUpWithTheSameUserName(com.armut.test.UserControllerTest)]
java_class_path (initial): /Users/ozlemugur/Documents/workspace-spring-tool-suite-4-4.8.0.RELEASE/armutMessagingService/target/test-classes:/Users/ozlemugur/Documents/workspace-spring-tool-suite-4-4.8.0.RELEASE/armutMessagingService/target/classes:/Applications/SpringToolSuite4.app/Contents/Eclipse/plugins/org.junit_4.13.0.v20200204-1500.jar:/Applications/SpringToolSuite4.app/Contents/Eclipse/plugins/org.hamcrest.core_1.3.0.v20180420-1519.jar:/Users/ozlemugur/.m2/repository/org/springframework/boot/spring-boot-starter-data-jpa/2.3.4.RELEASE/spring-boot-starter-data-jpa-2.3.4.RELEASE.jar:/Users/ozlemugur/.m2/repository/org/springframework/boot/spring-boot-starter-aop/2.3.4.RELEASE/spring-boot-starter-aop-2.3.4.RELEASE.jar:/Users/ozlemugur/.m2/repository/org/springframework/spring-aop/5.2.9.RELEASE/spring-aop-5.2.9.RELEASE.jar:/Users/ozlemugur/.m2/repository/org/aspectj/aspectjweaver/1.9.6/aspectjweaver-1.9.6.jar:/Users/ozlemugur/.m2/repository/org/springframework/boot/spring-boot-starter-jdbc/2.3.4.RELEASE/spring-boot-starter-jdbc-2.3.4.RELEASE.jar:/Users/ozlemugur/.m2/repository/com/zaxxer/HikariCP/3.4.5/HikariCP-3.4.5.jar:/Users/ozlemugur/.m2/repository/org/springframework/spring-jdbc/5.2.9.RELEASE/spring-jdbc-5.2.9.RELEASE.jar:/Users/ozlemugur/.m2/repository/jakarta/transaction/jakarta.transaction-api/1.3.3/jakarta.transaction-api-1.3.3.jar:/Users/ozlemugur/.m2/repository/jakarta/persistence/jakarta.persistence-api/2.2.3/jakarta.persistence-api-2.2.3.jar:/Users/ozlemugur/.m2/repository/org/hibernate/hibernate-core/5.4.21.Final/hibernate-core-5.4.21.Final.jar:/Users/ozlemugur/.m2/repository/org/jboss/logging/jboss-logging/3.4.1.Final/jboss-logging-3.4.1.Final.jar:/Users/ozlemugur/.m2/repository/org/javassist/javassist/3.24.0-GA/javassist-3.24.0-GA.jar:/Users/ozlemugur/.m2/repository/net/bytebuddy/byte-buddy/1.10.14/byte-buddy-1.10.14.jar:/Users/ozlemugur/.m2/repository/antlr/antlr/2.7.7/antlr-2.7.7.jar:/Users/ozlemugur/.m2/repository/org/jboss/jandex/2.1.3.Final/
Launcher Type: SUN_STANDARD

[Global flags]
     intx CICompilerCount                          = 4                                         {product} {ergonomic}
     uint ConcGCThreads                            = 2                                         {product} {ergonomic}
     uint G1ConcRefinementThreads                  = 8                                         {product} {ergonomic}
   size_t G1HeapRegionSize                         = 1048576                                   {product} {ergonomic}
    uintx GCDrainStackTargetSize                   = 64                                        {product} {ergonomic}
   size_t InitialHeapSize                          = 268435456                                 {product} {ergonomic}
   size_t MarkStackSize                            = 4194304                                   {product} {ergonomic}
   size_t MaxHeapSize                              = 4294967296                                {product} {ergonomic}
   size_t MaxNewSize                               = 2576351232                                {product} {ergonomic}
   size_t MinHeapDeltaBytes                        = 1048576                                   {product} {ergonomic}
   size_t MinHeapSize                              = 8388608                                   {product} {ergonomic}
    uintx NonNMethodCodeHeapSize                   = 5839372                                {pd product} {ergonomic}
    uintx NonProfiledCodeHeapSize                  = 122909434                              {pd product} {ergonomic}
    uintx ProfiledCodeHeapSize                     = 122909434                              {pd product} {ergonomic}
    uintx ReservedCodeCacheSize                    = 251658240                              {pd product} {ergonomic}
     bool SegmentedCodeCache                       = true                                      {product} {ergonomic}
     bool ShowCodeDetailsInExceptionMessages       = true                                   {manageable} {command line}
   size_t SoftMaxHeapSize                          = 4294967296                             {manageable} {ergonomic}
     bool UseCompressedClassPointers               = true                                 {lp64_product} {ergonomic}
     bool UseCompressedOops                        = true                                 {lp64_product} {ergonomic}
     bool UseG1GC                                  = true                                      {product} {ergonomic}

Logging:
Log output configuration:
 #0: stdout all=warning uptime,level,tags
 #1: stderr all=off uptime,level,tags

Environment Variables:
PATH=/usr/bin:/bin:/usr/sbin:/sbin
SHELL=/bin/bash
DISPLAY=/private/tmp/com.apple.launchd.klOqg8dyap/org.macosforge.xquartz:0

Signal Handlers:
SIGSEGV: [libjvm.dylib+0x7415c8], sa_mask[0]=11111111011111110111111111111111, sa_flags=SA_ONSTACK|SA_RESTART|SA_SIGINFO
SIGBUS: [libjvm.dylib+0x7415c8], sa_mask[0]=11111111011111110111111111111111, sa_flags=SA_RESTART|SA_SIGINFO
SIGFPE: [libjvm.dylib+0x7415c8], sa_mask[0]=11111111011111110111111111111111, sa_flags=SA_RESTART|SA_SIGINFO
SIGPIPE: [libjvm.dylib+0x5eb4c1], sa_mask[0]=11111111011111110111111111111111, sa_flags=SA_RESTART|SA_SIGINFO
SIGXFSZ: [libjvm.dylib+0x5eb4c1], sa_mask[0]=11111111011111110111111111111111, sa_flags=SA_RESTART|SA_SIGINFO
SIGILL: [libjvm.dylib+0x7415c8], sa_mask[0]=11111111011111110111111111111111, sa_flags=SA_RESTART|SA_SIGINFO
SIGUSR2: [libjvm.dylib+0x5eba93], sa_mask[0]=00100000000000000000000000000000, sa_flags=SA_RESTART|SA_SIGINFO
SIGHUP: [libjvm.dylib+0x5eaaf5], sa_mask[0]=11111111011111110111111111111111, sa_flags=SA_RESTART|SA_SIGINFO
SIGINT: [libjvm.dylib+0x5eaaf5], sa_mask[0]=11111111011111110111111111111111, sa_flags=SA_RESTART|SA_SIGINFO
SIGTERM: [libjvm.dylib+0x5eaaf5], sa_mask[0]=11111111011111110111111111111111, sa_flags=SA_RESTART|SA_SIGINFO
SIGQUIT: [libjvm.dylib+0x5eaaf5], sa_mask[0]=11111111011111110111111111111111, sa_flags=SA_RESTART|SA_SIGINFO


---------------  S Y S T E M  ---------------

OS:uname:Darwin 18.7.0 Darwin Kernel Version 18.7.0: Thu Jun 18 20:50:10 PDT 2020; root:xnu-4903.278.43~1/RELEASE_X86_64 x86_64
OS uptime: 4 days 5:06 hours
rlimit: STACK 8192k, CORE 0k, NPROC 1418, NOFILE 10240, AS infinity, DATA infinity, FSIZE infinity
load average:1.91 1.79 1.83

CPU:total 8 (initial active 8) (4 cores per cpu, 2 threads per core) family 6 model 94 stepping 3, cmov, cx8, fxsr, mmx, sse, sse2, sse3, ssse3, sse4.1, sse4.2, popcnt, avx, avx2, aes, clmul, erms, rtm, 3dnowpref, lzcnt, ht, tsc, tscinvbit, bmi1, bmi2, adx, fma

Memory: 4k page, physical 16777216k(564324k free), swap 3145728k(1612544k free)

vm_info: OpenJDK 64-Bit Server VM (14.0.2+12-46) for bsd-amd64 JRE (14.0.2+12-46), built on Jul  8 2020 23:34:30 by "mach5one" with clang 4.2.1 Compatible Apple LLVM 10.0.0 (clang-1000.11.45.5)

END.
